{"total": {"lines":{"total":125,"covered":0,"skipped":0,"pct":0},"statements":{"total":135,"covered":0,"skipped":0,"pct":0},"functions":{"total":42,"covered":0,"skipped":0,"pct":0},"branches":{"total":26,"covered":0,"skipped":0,"pct":0},"branchesTrue":{"total":0,"covered":0,"skipped":0,"pct":100}}
,"/home/gpina/Desktop/projeto/sd-025-b-project-trivia-react-redux/src/App.js": {"lines":{"total":1,"covered":0,"skipped":0,"pct":0},"functions":{"total":1,"covered":0,"skipped":0,"pct":0},"statements":{"total":1,"covered":0,"skipped":0,"pct":0},"branches":{"total":0,"covered":0,"skipped":0,"pct":100}}
,"/home/gpina/Desktop/projeto/sd-025-b-project-trivia-react-redux/src/components/Header.js": {"lines":{"total":6,"covered":0,"skipped":0,"pct":0},"functions":{"total":2,"covered":0,"skipped":0,"pct":0},"statements":{"total":7,"covered":0,"skipped":0,"pct":0},"branches":{"total":0,"covered":0,"skipped":0,"pct":100}}
,"/home/gpina/Desktop/projeto/sd-025-b-project-trivia-react-redux/src/components/Questions.js": {"lines":{"total":69,"covered":0,"skipped":0,"pct":0},"functions":{"total":23,"covered":0,"skipped":0,"pct":0},"statements":{"total":76,"covered":0,"skipped":0,"pct":0},"branches":{"total":16,"covered":0,"skipped":0,"pct":0}}
,"/home/gpina/Desktop/projeto/sd-025-b-project-trivia-react-redux/src/pages/Feedback.js": {"lines":{"total":7,"covered":0,"skipped":0,"pct":0},"functions":{"total":4,"covered":0,"skipped":0,"pct":0},"statements":{"total":8,"covered":0,"skipped":0,"pct":0},"branches":{"total":2,"covered":0,"skipped":0,"pct":0}}
,"/home/gpina/Desktop/projeto/sd-025-b-project-trivia-react-redux/src/pages/Game.js": {"lines":{"total":13,"covered":0,"skipped":0,"pct":0},"functions":{"total":3,"covered":0,"skipped":0,"pct":0},"statements":{"total":13,"covered":0,"skipped":0,"pct":0},"branches":{"total":4,"covered":0,"skipped":0,"pct":0}}
,"/home/gpina/Desktop/projeto/sd-025-b-project-trivia-react-redux/src/pages/Login.js": {"lines":{"total":24,"covered":0,"skipped":0,"pct":0},"functions":{"total":6,"covered":0,"skipped":0,"pct":0},"statements":{"total":25,"covered":0,"skipped":0,"pct":0},"branches":{"total":4,"covered":0,"skipped":0,"pct":0}}
,"/home/gpina/Desktop/projeto/sd-025-b-project-trivia-react-redux/src/pages/Ranking.js": {"lines":{"total":4,"covered":0,"skipped":0,"pct":0},"functions":{"total":2,"covered":0,"skipped":0,"pct":0},"statements":{"total":4,"covered":0,"skipped":0,"pct":0},"branches":{"total":0,"covered":0,"skipped":0,"pct":100}}
,"/home/gpina/Desktop/projeto/sd-025-b-project-trivia-react-redux/src/pages/Settings.js": {"lines":{"total":1,"covered":0,"skipped":0,"pct":0},"functions":{"total":1,"covered":0,"skipped":0,"pct":0},"statements":{"total":1,"covered":0,"skipped":0,"pct":0},"branches":{"total":0,"covered":0,"skipped":0,"pct":100}}
}
